red[2023-01-08T16:20:28.908] [all] 重要 - {
  _Symbol: Symbol(20%),
  _String: '10',
  arr: [
    10,
    '10',
    Symbol(20%),
    [],
    [Function: Array],
    [Function: Object],
    [Function: Promise]
  ],
  _Promise: Promise {
    [
      10,
      '10',
      Symbol(20%),
      [],
      [Function: Array],
      [Function: Object],
      [Function: Promise]
    ]
  },
  _Object: { _Promise: Promise { [Array] }, BigInt: [Function: BigInt], n: 1n }
}
red[2023-01-08T16:20:29.008] [all] 重要 - {
  _Symbol: Symbol(20%),
  _String: '10',
  arr: [
    10,
    '10',
    Symbol(20%),
    [],
    [Function: Array],
    [Function: Object],
    [Function: Promise]
  ],
  _Promise: Promise {
    [
      10,
      '10',
      Symbol(20%),
      [],
      [Function: Array],
      [Function: Object],
      [Function: Promise]
    ]
  },
  _Object: { _Promise: Promise { [Array] }, BigInt: [Function: BigInt], n: 1n }
}
red[2023-01-08T16:20:29.112] [all] 重要 - {
  _Symbol: Symbol(20%),
  _String: '10',
  arr: [
    10,
    '10',
    Symbol(20%),
    [],
    [Function: Array],
    [Function: Object],
    [Function: Promise]
  ],
  _Promise: Promise {
    [
      10,
      '10',
      Symbol(20%),
      [],
      [Function: Array],
      [Function: Object],
      [Function: Promise]
    ]
  },
  _Object: { _Promise: Promise { [Array] }, BigInt: [Function: BigInt], n: 1n }
}
red[2023-01-08T16:20:29.213] [all] 重要 - {
  _Symbol: Symbol(20%),
  _String: '10',
  arr: [
    10,
    '10',
    Symbol(20%),
    [],
    [Function: Array],
    [Function: Object],
    [Function: Promise]
  ],
  _Promise: Promise {
    [
      10,
      '10',
      Symbol(20%),
      [],
      [Function: Array],
      [Function: Object],
      [Function: Promise]
    ]
  },
  _Object: { _Promise: Promise { [Array] }, BigInt: [Function: BigInt], n: 1n }
}
red[2023-01-08T16:20:29.319] [all] 重要 - {
  _Symbol: Symbol(20%),
  _String: '10',
  arr: [
    10,
    '10',
    Symbol(20%),
    [],
    [Function: Array],
    [Function: Object],
    [Function: Promise]
  ],
  _Promise: Promise {
    [
      10,
      '10',
      Symbol(20%),
      [],
      [Function: Array],
      [Function: Object],
      [Function: Promise]
    ]
  },
  _Object: { _Promise: Promise { [Array] }, BigInt: [Function: BigInt], n: 1n }
}
red[2023-01-08T16:20:29.423] [all] 重要 - {
  _Symbol: Symbol(20%),
  _String: '10',
  arr: [
    10,
    '10',
    Symbol(20%),
    [],
    [Function: Array],
    [Function: Object],
    [Function: Promise]
  ],
  _Promise: Promise {
    [
      10,
      '10',
      Symbol(20%),
      [],
      [Function: Array],
      [Function: Object],
      [Function: Promise]
    ]
  },
  _Object: { _Promise: Promise { [Array] }, BigInt: [Function: BigInt], n: 1n }
}
red[2023-01-08T16:20:29.524] [all] 重要 - {
  _Symbol: Symbol(20%),
  _String: '10',
  arr: [
    10,
    '10',
    Symbol(20%),
    [],
    [Function: Array],
    [Function: Object],
    [Function: Promise]
  ],
  _Promise: Promise {
    [
      10,
      '10',
      Symbol(20%),
      [],
      [Function: Array],
      [Function: Object],
      [Function: Promise]
    ]
  },
  _Object: { _Promise: Promise { [Array] }, BigInt: [Function: BigInt], n: 1n }
}
red[2023-01-08T16:20:29.626] [all] 重要 - {
  _Symbol: Symbol(20%),
  _String: '10',
  arr: [
    10,
    '10',
    Symbol(20%),
    [],
    [Function: Array],
    [Function: Object],
    [Function: Promise]
  ],
  _Promise: Promise {
    [
      10,
      '10',
      Symbol(20%),
      [],
      [Function: Array],
      [Function: Object],
      [Function: Promise]
    ]
  },
  _Object: { _Promise: Promise { [Array] }, BigInt: [Function: BigInt], n: 1n }
}
red[2023-01-08T16:20:29.731] [all] 重要 - {
  _Symbol: Symbol(20%),
  _String: '10',
  arr: [
    10,
    '10',
    Symbol(20%),
    [],
    [Function: Array],
    [Function: Object],
    [Function: Promise]
  ],
  _Promise: Promise {
    [
      10,
      '10',
      Symbol(20%),
      [],
      [Function: Array],
      [Function: Object],
      [Function: Promise]
    ]
  },
  _Object: { _Promise: Promise { [Array] }, BigInt: [Function: BigInt], n: 1n }
}
red[2023-01-08T16:20:29.832] [all] 重要 - {
  _Symbol: Symbol(20%),
  _String: '10',
  arr: [
    10,
    '10',
    Symbol(20%),
    [],
    [Function: Array],
    [Function: Object],
    [Function: Promise]
  ],
  _Promise: Promise {
    [
      10,
      '10',
      Symbol(20%),
      [],
      [Function: Array],
      [Function: Object],
      [Function: Promise]
    ]
  },
  _Object: { _Promise: Promise { [Array] }, BigInt: [Function: BigInt], n: 1n }
}
red[2023-01-08T16:20:29.938] [all] 重要 - {
  _Symbol: Symbol(20%),
  _String: '10',
  arr: [
    10,
    '10',
    Symbol(20%),
    [],
    [Function: Array],
    [Function: Object],
    [Function: Promise]
  ],
  _Promise: Promise {
    [
      10,
      '10',
      Symbol(20%),
      [],
      [Function: Array],
      [Function: Object],
      [Function: Promise]
    ]
  },
  _Object: { _Promise: Promise { [Array] }, BigInt: [Function: BigInt], n: 1n }
}
red[2023-01-08T16:20:30.042] [all] 重要 - {
  _Symbol: Symbol(20%),
  _String: '10',
  arr: [
    10,
    '10',
    Symbol(20%),
    [],
    [Function: Array],
    [Function: Object],
    [Function: Promise]
  ],
  _Promise: Promise {
    [
      10,
      '10',
      Symbol(20%),
      [],
      [Function: Array],
      [Function: Object],
      [Function: Promise]
    ]
  },
  _Object: { _Promise: Promise { [Array] }, BigInt: [Function: BigInt], n: 1n }
}
red[2023-01-08T16:20:30.145] [all] 重要 - {
  _Symbol: Symbol(20%),
  _String: '10',
  arr: [
    10,
    '10',
    Symbol(20%),
    [],
    [Function: Array],
    [Function: Object],
    [Function: Promise]
  ],
  _Promise: Promise {
    [
      10,
      '10',
      Symbol(20%),
      [],
      [Function: Array],
      [Function: Object],
      [Function: Promise]
    ]
  },
  _Object: { _Promise: Promise { [Array] }, BigInt: [Function: BigInt], n: 1n }
}
red[2023-01-08T16:20:30.249] [all] 重要 - {
  _Symbol: Symbol(20%),
  _String: '10',
  arr: [
    10,
    '10',
    Symbol(20%),
    [],
    [Function: Array],
    [Function: Object],
    [Function: Promise]
  ],
  _Promise: Promise {
    [
      10,
      '10',
      Symbol(20%),
      [],
      [Function: Array],
      [Function: Object],
      [Function: Promise]
    ]
  },
  _Object: { _Promise: Promise { [Array] }, BigInt: [Function: BigInt], n: 1n }
}
red[2023-01-08T16:20:30.352] [all] 重要 - {
  _Symbol: Symbol(20%),
  _String: '10',
  arr: [
    10,
    '10',
    Symbol(20%),
    [],
    [Function: Array],
    [Function: Object],
    [Function: Promise]
  ],
  _Promise: Promise {
    [
      10,
      '10',
      Symbol(20%),
      [],
      [Function: Array],
      [Function: Object],
      [Function: Promise]
    ]
  },
  _Object: { _Promise: Promise { [Array] }, BigInt: [Function: BigInt], n: 1n }
}
red[2023-01-08T16:20:30.456] [all] 重要 - {
  _Symbol: Symbol(20%),
  _String: '10',
  arr: [
    10,
    '10',
    Symbol(20%),
    [],
    [Function: Array],
    [Function: Object],
    [Function: Promise]
  ],
  _Promise: Promise {
    [
      10,
      '10',
      Symbol(20%),
      [],
      [Function: Array],
      [Function: Object],
      [Function: Promise]
    ]
  },
  _Object: { _Promise: Promise { [Array] }, BigInt: [Function: BigInt], n: 1n }
}
red[2023-01-08T16:20:30.558] [all] 重要 - {
  _Symbol: Symbol(20%),
  _String: '10',
  arr: [
    10,
    '10',
    Symbol(20%),
    [],
    [Function: Array],
    [Function: Object],
    [Function: Promise]
  ],
  _Promise: Promise {
    [
      10,
      '10',
      Symbol(20%),
      [],
      [Function: Array],
      [Function: Object],
      [Function: Promise]
    ]
  },
  _Object: { _Promise: Promise { [Array] }, BigInt: [Function: BigInt], n: 1n }
}
red[2023-01-08T16:20:30.661] [all] 重要 - {
  _Symbol: Symbol(20%),
  _String: '10',
  arr: [
    10,
    '10',
    Symbol(20%),
    [],
    [Function: Array],
    [Function: Object],
    [Function: Promise]
  ],
  _Promise: Promise {
    [
      10,
      '10',
      Symbol(20%),
      [],
      [Function: Array],
      [Function: Object],
      [Function: Promise]
    ]
  },
  _Object: { _Promise: Promise { [Array] }, BigInt: [Function: BigInt], n: 1n }
}
red[2023-01-08T16:20:30.765] [all] 重要 - {
  _Symbol: Symbol(20%),
  _String: '10',
  arr: [
    10,
    '10',
    Symbol(20%),
    [],
    [Function: Array],
    [Function: Object],
    [Function: Promise]
  ],
  _Promise: Promise {
    [
      10,
      '10',
      Symbol(20%),
      [],
      [Function: Array],
      [Function: Object],
      [Function: Promise]
    ]
  },
  _Object: { _Promise: Promise { [Array] }, BigInt: [Function: BigInt], n: 1n }
}
red[2023-01-08T16:20:30.867] [all] 重要 - {
  _Symbol: Symbol(20%),
  _String: '10',
  arr: [
    10,
    '10',
    Symbol(20%),
    [],
    [Function: Array],
    [Function: Object],
    [Function: Promise]
  ],
  _Promise: Promise {
    [
      10,
      '10',
      Symbol(20%),
      [],
      [Function: Array],
      [Function: Object],
      [Function: Promise]
    ]
  },
  _Object: { _Promise: Promise { [Array] }, BigInt: [Function: BigInt], n: 1n }
}
red[2023-01-08T16:20:30.971] [all] 重要 - {
  _Symbol: Symbol(20%),
  _String: '10',
  arr: [
    10,
    '10',
    Symbol(20%),
    [],
    [Function: Array],
    [Function: Object],
    [Function: Promise]
  ],
  _Promise: Promise {
    [
      10,
      '10',
      Symbol(20%),
      [],
      [Function: Array],
      [Function: Object],
      [Function: Promise]
    ]
  },
  _Object: { _Promise: Promise { [Array] }, BigInt: [Function: BigInt], n: 1n }
}
red[2023-01-08T16:20:31.074] [all] 重要 - {
  _Symbol: Symbol(20%),
  _String: '10',
  arr: [
    10,
    '10',
    Symbol(20%),
    [],
    [Function: Array],
    [Function: Object],
    [Function: Promise]
  ],
  _Promise: Promise {
    [
      10,
      '10',
      Symbol(20%),
      [],
      [Function: Array],
      [Function: Object],
      [Function: Promise]
    ]
  },
  _Object: { _Promise: Promise { [Array] }, BigInt: [Function: BigInt], n: 1n }
}
