red[2023-01-08T14:04:05.028] [all] 重要 - 0.7506533975994445
2
red[2023-01-08T14:04:05.331] [all] 重要 - 0.49831920512130856
2
red[2023-01-08T14:04:05.632] [all] 重要 - 0.43719492123515113
2
red[2023-01-08T14:04:05.937] [all] 重要 - 0.4642546654880968
2
red[2023-01-08T14:04:06.241] [all] 重要 - 0.4438113461528077
2
red[2023-01-08T14:04:06.543] [all] 重要 - 0.23018076907074092
2
red[2023-01-08T14:04:06.845] [all] 重要 - 0.17722456444981427
2
red[2023-01-08T14:04:07.147] [all] 重要 - 0.4907056587642251
2
red[2023-01-08T14:04:07.452] [all] 重要 - 0.5917632317825217
2
red[2023-01-08T14:04:07.755] [all] 重要 - 0.5755032867736174
2
red[2023-01-08T14:04:08.059] [all] 重要 - 0.2556050146353339
2
red[2023-01-08T14:04:08.364] [all] 重要 - 0.23423229614438856
2
red[2023-01-08T14:04:08.664] [all] 重要 - 0.9808518297519917
2
red[2023-01-08T14:04:08.969] [all] 重要 - 0.8346630433873421
2
red[2023-01-08T14:04:09.272] [all] 重要 - 0.6892296815134207
2
red[2023-01-08T14:04:09.574] [all] 重要 - 0.42150903409691254
2
red[2023-01-08T14:04:09.874] [all] 重要 - 0.2838433474258282
2
red[2023-01-08T14:04:10.179] [all] 重要 - 0.13849139223347984
2
red[2023-01-08T14:04:10.482] [all] 重要 - 0.38783371848147974
2
red[2023-01-08T14:04:10.783] [all] 重要 - 0.646912324069645
2
red[2023-01-08T14:04:11.086] [all] 重要 - 0.5239328448461442
2
red[2023-01-08T14:04:11.388] [all] 重要 - 0.31988661845476196
2
red[2023-01-08T14:04:11.694] [all] 重要 - 0.188089121079545
2
red[2023-01-08T14:04:11.997] [all] 重要 - 0.9877846972627322
2
red[2023-01-08T14:04:12.298] [all] 重要 - 0.33409614558123835
2
red[2023-01-08T14:04:12.600] [all] 重要 - 0.30116890568948995
2
red[2023-01-08T14:04:12.905] [all] 重要 - 0.5517608625196682
2
red[2023-01-08T14:04:13.208] [all] 重要 - 0.376260235926819
2
red[2023-01-08T14:04:13.510] [all] 重要 - 0.680001647688673
2
red[2023-01-08T14:04:13.811] [all] 重要 - 0.987752937993766
2
red[2023-01-08T14:04:14.116] [all] 重要 - 0.9962672804294987
2
red[2023-01-08T14:04:14.416] [all] 重要 - 0.9177652490990853
2
red[2023-01-08T14:04:14.721] [all] 重要 - 0.7008999169771712
2
red[2023-01-08T14:04:15.022] [all] 重要 - 0.07761696458712852
2
red[2023-01-08T14:04:15.326] [all] 重要 - 0.4750435171531122
2
red[2023-01-08T14:04:15.630] [all] 重要 - 0.04265002937233109
2
red[2023-01-08T14:04:15.933] [all] 重要 - 0.9334423083369496
2
red[2023-01-08T14:04:16.237] [all] 重要 - 0.30673833685269325
2
red[2023-01-08T14:04:16.541] [all] 重要 - 0.948221602852775
2
red[2023-01-08T14:04:16.846] [all] 重要 - 0.03939672847167741
2
red[2023-01-08T14:04:17.146] [all] 重要 - 0.7052781936474801
2
red[2023-01-08T14:04:17.447] [all] 重要 - 0.29725241032451377
2
red[2023-01-08T14:04:17.753] [all] 重要 - 0.4808041469661939
2
red[2023-01-08T14:04:18.053] [all] 重要 - 0.8700946465612465
2
red[2023-01-08T14:04:18.357] [all] 重要 - 0.42649552622949916
2
red[2023-01-08T14:04:18.659] [all] 重要 - 0.12882728288741907
2
red[2023-01-08T14:04:18.961] [all] 重要 - 0.3854307157447183
2
red[2023-01-08T14:04:19.265] [all] 重要 - 0.3577904821309834
2
red[2023-01-08T14:04:19.567] [all] 重要 - 0.71926492502483
2
red[2023-01-08T14:04:19.866] [all] 重要 - 0.8375234854722085
2
red[2023-01-08T14:04:20.167] [all] 重要 - 0.08054083345662755
2
red[2023-01-08T14:04:20.472] [all] 重要 - 0.9618232495919268
2
red[2023-01-08T14:04:20.776] [all] 重要 - 0.1654848796189894
2
red[2023-01-08T14:04:21.076] [all] 重要 - 0.6048062176919393
2
red[2023-01-08T14:04:21.379] [all] 重要 - 0.04561897886074484
2
red[2023-01-08T14:04:21.683] [all] 重要 - 0.25156793182935044
2
red[2023-01-08T14:04:21.984] [all] 重要 - 0.5870121581118544
2
red[2023-01-08T14:04:22.289] [all] 重要 - 0.2604836917303739
2
red[2023-01-08T14:04:22.589] [all] 重要 - 0.8056705122169541
2
red[2023-01-08T14:04:22.894] [all] 重要 - 0.6086627353187697
2
red[2023-01-08T14:04:23.197] [all] 重要 - 0.2590303532174747
2
red[2023-01-08T14:04:23.502] [all] 重要 - 0.6509867306922255
2
red[2023-01-08T14:04:23.806] [all] 重要 - 0.3420987964991291
2
red[2023-01-08T14:04:24.110] [all] 重要 - 0.9360671185836023
2
red[2023-01-08T14:04:24.413] [all] 重要 - 0.9736987657195184
2
red[2023-01-08T14:04:24.716] [all] 重要 - 0.974461667036054
2
red[2023-01-08T14:04:25.017] [all] 重要 - 0.10048819777804341
2
red[2023-01-08T14:04:25.321] [all] 重要 - 0.6543141935519188
2
red[2023-01-08T14:04:25.625] [all] 重要 - 0.4550916900480366
2
red[2023-01-08T14:04:25.931] [all] 重要 - 0.8956609025110602
2
red[2023-01-08T14:04:26.237] [all] 重要 - 0.2599037677349436
2
red[2023-01-08T14:04:26.542] [all] 重要 - 0.2186502889856079
2
red[2023-01-08T14:04:26.845] [all] 重要 - 0.7160328339044617
2
red[2023-01-08T14:04:27.146] [all] 重要 - 0.06675905810656912
2
red[2023-01-08T14:04:27.450] [all] 重要 - 0.4592329057830409
2
red[2023-01-08T14:04:27.754] [all] 重要 - 0.24948064766535372
2
red[2023-01-08T14:04:28.056] [all] 重要 - 0.11327461465051103
2
red[2023-01-08T14:04:43.101] [all] 重要 - {
  _Symbol: Symbol(20%),
  _String: '10',
  arr: [
    10,
    '10',
    Symbol(20%),
    [],
    [Function: Array],
    [Function: Object],
    [Function: Promise]
  ],
  _Promise: Promise {
    [
      10,
      '10',
      Symbol(20%),
      [],
      [Function: Array],
      [Function: Object],
      [Function: Promise]
    ]
  },
  _Object: { _Promise: Promise { [Array] }, BigInt: [Function: BigInt], n: 1n }
}
red[2023-01-08T14:04:43.402] [all] 重要 - {
  _Symbol: Symbol(20%),
  _String: '10',
  arr: [
    10,
    '10',
    Symbol(20%),
    [],
    [Function: Array],
    [Function: Object],
    [Function: Promise]
  ],
  _Promise: Promise {
    [
      10,
      '10',
      Symbol(20%),
      [],
      [Function: Array],
      [Function: Object],
      [Function: Promise]
    ]
  },
  _Object: { _Promise: Promise { [Array] }, BigInt: [Function: BigInt], n: 1n }
}
red[2023-01-08T14:04:43.706] [all] 重要 - {
  _Symbol: Symbol(20%),
  _String: '10',
  arr: [
    10,
    '10',
    Symbol(20%),
    [],
    [Function: Array],
    [Function: Object],
    [Function: Promise]
  ],
  _Promise: Promise {
    [
      10,
      '10',
      Symbol(20%),
      [],
      [Function: Array],
      [Function: Object],
      [Function: Promise]
    ]
  },
  _Object: { _Promise: Promise { [Array] }, BigInt: [Function: BigInt], n: 1n }
}
red[2023-01-08T14:04:44.010] [all] 重要 - {
  _Symbol: Symbol(20%),
  _String: '10',
  arr: [
    10,
    '10',
    Symbol(20%),
    [],
    [Function: Array],
    [Function: Object],
    [Function: Promise]
  ],
  _Promise: Promise {
    [
      10,
      '10',
      Symbol(20%),
      [],
      [Function: Array],
      [Function: Object],
      [Function: Promise]
    ]
  },
  _Object: { _Promise: Promise { [Array] }, BigInt: [Function: BigInt], n: 1n }
}
red[2023-01-08T14:04:44.313] [all] 重要 - {
  _Symbol: Symbol(20%),
  _String: '10',
  arr: [
    10,
    '10',
    Symbol(20%),
    [],
    [Function: Array],
    [Function: Object],
    [Function: Promise]
  ],
  _Promise: Promise {
    [
      10,
      '10',
      Symbol(20%),
      [],
      [Function: Array],
      [Function: Object],
      [Function: Promise]
    ]
  },
  _Object: { _Promise: Promise { [Array] }, BigInt: [Function: BigInt], n: 1n }
}
red[2023-01-08T14:04:44.617] [all] 重要 - {
  _Symbol: Symbol(20%),
  _String: '10',
  arr: [
    10,
    '10',
    Symbol(20%),
    [],
    [Function: Array],
    [Function: Object],
    [Function: Promise]
  ],
  _Promise: Promise {
    [
      10,
      '10',
      Symbol(20%),
      [],
      [Function: Array],
      [Function: Object],
      [Function: Promise]
    ]
  },
  _Object: { _Promise: Promise { [Array] }, BigInt: [Function: BigInt], n: 1n }
}
red[2023-01-08T14:04:44.921] [all] 重要 - {
  _Symbol: Symbol(20%),
  _String: '10',
  arr: [
    10,
    '10',
    Symbol(20%),
    [],
    [Function: Array],
    [Function: Object],
    [Function: Promise]
  ],
  _Promise: Promise {
    [
      10,
      '10',
      Symbol(20%),
      [],
      [Function: Array],
      [Function: Object],
      [Function: Promise]
    ]
  },
  _Object: { _Promise: Promise { [Array] }, BigInt: [Function: BigInt], n: 1n }
}
red[2023-01-08T14:04:45.225] [all] 重要 - {
  _Symbol: Symbol(20%),
  _String: '10',
  arr: [
    10,
    '10',
    Symbol(20%),
    [],
    [Function: Array],
    [Function: Object],
    [Function: Promise]
  ],
  _Promise: Promise {
    [
      10,
      '10',
      Symbol(20%),
      [],
      [Function: Array],
      [Function: Object],
      [Function: Promise]
    ]
  },
  _Object: { _Promise: Promise { [Array] }, BigInt: [Function: BigInt], n: 1n }
}
red[2023-01-08T14:04:45.529] [all] 重要 - {
  _Symbol: Symbol(20%),
  _String: '10',
  arr: [
    10,
    '10',
    Symbol(20%),
    [],
    [Function: Array],
    [Function: Object],
    [Function: Promise]
  ],
  _Promise: Promise {
    [
      10,
      '10',
      Symbol(20%),
      [],
      [Function: Array],
      [Function: Object],
      [Function: Promise]
    ]
  },
  _Object: { _Promise: Promise { [Array] }, BigInt: [Function: BigInt], n: 1n }
}
red[2023-01-08T14:04:45.830] [all] 重要 - {
  _Symbol: Symbol(20%),
  _String: '10',
  arr: [
    10,
    '10',
    Symbol(20%),
    [],
    [Function: Array],
    [Function: Object],
    [Function: Promise]
  ],
  _Promise: Promise {
    [
      10,
      '10',
      Symbol(20%),
      [],
      [Function: Array],
      [Function: Object],
      [Function: Promise]
    ]
  },
  _Object: { _Promise: Promise { [Array] }, BigInt: [Function: BigInt], n: 1n }
}
red[2023-01-08T14:04:46.132] [all] 重要 - {
  _Symbol: Symbol(20%),
  _String: '10',
  arr: [
    10,
    '10',
    Symbol(20%),
    [],
    [Function: Array],
    [Function: Object],
    [Function: Promise]
  ],
  _Promise: Promise {
    [
      10,
      '10',
      Symbol(20%),
      [],
      [Function: Array],
      [Function: Object],
      [Function: Promise]
    ]
  },
  _Object: { _Promise: Promise { [Array] }, BigInt: [Function: BigInt], n: 1n }
}
