red[2023-01-20T22:17:06.145] [all] 重要 - {
  _Symbol: Symbol(20%),
  _String: '10',
  arr: [
    10,
    '10',
    Symbol(20%),
    [],
    [Function: Array],
    [Function: Object],
    [Function: Promise]
  ],
  _Promise: Promise {
    [
      10,
      '10',
      Symbol(20%),
      [],
      [Function: Array],
      [Function: Object],
      [Function: Promise]
    ]
  },
  _Object: { _Promise: Promise { [Array] }, BigInt: [Function: BigInt], n: 1n }
}
red[2023-01-20T22:17:07.146] [all] 重要 - {
  _Symbol: Symbol(20%),
  _String: '10',
  arr: [
    10,
    '10',
    Symbol(20%),
    [],
    [Function: Array],
    [Function: Object],
    [Function: Promise]
  ],
  _Promise: Promise {
    [
      10,
      '10',
      Symbol(20%),
      [],
      [Function: Array],
      [Function: Object],
      [Function: Promise]
    ]
  },
  _Object: { _Promise: Promise { [Array] }, BigInt: [Function: BigInt], n: 1n }
}
red[2023-01-20T22:17:08.147] [all] 重要 - {
  _Symbol: Symbol(20%),
  _String: '10',
  arr: [
    10,
    '10',
    Symbol(20%),
    [],
    [Function: Array],
    [Function: Object],
    [Function: Promise]
  ],
  _Promise: Promise {
    [
      10,
      '10',
      Symbol(20%),
      [],
      [Function: Array],
      [Function: Object],
      [Function: Promise]
    ]
  },
  _Object: { _Promise: Promise { [Array] }, BigInt: [Function: BigInt], n: 1n }
}
red[2023-01-20T22:17:09.148] [all] 重要 - {
  _Symbol: Symbol(20%),
  _String: '10',
  arr: [
    10,
    '10',
    Symbol(20%),
    [],
    [Function: Array],
    [Function: Object],
    [Function: Promise]
  ],
  _Promise: Promise {
    [
      10,
      '10',
      Symbol(20%),
      [],
      [Function: Array],
      [Function: Object],
      [Function: Promise]
    ]
  },
  _Object: { _Promise: Promise { [Array] }, BigInt: [Function: BigInt], n: 1n }
}
red[2023-01-20T22:17:10.148] [all] 重要 - {
  _Symbol: Symbol(20%),
  _String: '10',
  arr: [
    10,
    '10',
    Symbol(20%),
    [],
    [Function: Array],
    [Function: Object],
    [Function: Promise]
  ],
  _Promise: Promise {
    [
      10,
      '10',
      Symbol(20%),
      [],
      [Function: Array],
      [Function: Object],
      [Function: Promise]
    ]
  },
  _Object: { _Promise: Promise { [Array] }, BigInt: [Function: BigInt], n: 1n }
}
red[2023-01-20T22:17:11.148] [all] 重要 - {
  _Symbol: Symbol(20%),
  _String: '10',
  arr: [
    10,
    '10',
    Symbol(20%),
    [],
    [Function: Array],
    [Function: Object],
    [Function: Promise]
  ],
  _Promise: Promise {
    [
      10,
      '10',
      Symbol(20%),
      [],
      [Function: Array],
      [Function: Object],
      [Function: Promise]
    ]
  },
  _Object: { _Promise: Promise { [Array] }, BigInt: [Function: BigInt], n: 1n }
}
red[2023-01-20T22:17:12.148] [all] 重要 - {
  _Symbol: Symbol(20%),
  _String: '10',
  arr: [
    10,
    '10',
    Symbol(20%),
    [],
    [Function: Array],
    [Function: Object],
    [Function: Promise]
  ],
  _Promise: Promise {
    [
      10,
      '10',
      Symbol(20%),
      [],
      [Function: Array],
      [Function: Object],
      [Function: Promise]
    ]
  },
  _Object: { _Promise: Promise { [Array] }, BigInt: [Function: BigInt], n: 1n }
}
red[2023-01-20T22:17:13.150] [all] 重要 - {
  _Symbol: Symbol(20%),
  _String: '10',
  arr: [
    10,
    '10',
    Symbol(20%),
    [],
    [Function: Array],
    [Function: Object],
    [Function: Promise]
  ],
  _Promise: Promise {
    [
      10,
      '10',
      Symbol(20%),
      [],
      [Function: Array],
      [Function: Object],
      [Function: Promise]
    ]
  },
  _Object: { _Promise: Promise { [Array] }, BigInt: [Function: BigInt], n: 1n }
}
red[2023-01-20T22:17:14.151] [all] 重要 - {
  _Symbol: Symbol(20%),
  _String: '10',
  arr: [
    10,
    '10',
    Symbol(20%),
    [],
    [Function: Array],
    [Function: Object],
    [Function: Promise]
  ],
  _Promise: Promise {
    [
      10,
      '10',
      Symbol(20%),
      [],
      [Function: Array],
      [Function: Object],
      [Function: Promise]
    ]
  },
  _Object: { _Promise: Promise { [Array] }, BigInt: [Function: BigInt], n: 1n }
}
red[2023-01-20T22:17:15.151] [all] 重要 - {
  _Symbol: Symbol(20%),
  _String: '10',
  arr: [
    10,
    '10',
    Symbol(20%),
    [],
    [Function: Array],
    [Function: Object],
    [Function: Promise]
  ],
  _Promise: Promise {
    [
      10,
      '10',
      Symbol(20%),
      [],
      [Function: Array],
      [Function: Object],
      [Function: Promise]
    ]
  },
  _Object: { _Promise: Promise { [Array] }, BigInt: [Function: BigInt], n: 1n }
}
red[2023-01-20T22:17:16.152] [all] 重要 - {
  _Symbol: Symbol(20%),
  _String: '10',
  arr: [
    10,
    '10',
    Symbol(20%),
    [],
    [Function: Array],
    [Function: Object],
    [Function: Promise]
  ],
  _Promise: Promise {
    [
      10,
      '10',
      Symbol(20%),
      [],
      [Function: Array],
      [Function: Object],
      [Function: Promise]
    ]
  },
  _Object: { _Promise: Promise { [Array] }, BigInt: [Function: BigInt], n: 1n }
}
red[2023-01-20T22:17:17.153] [all] 重要 - {
  _Symbol: Symbol(20%),
  _String: '10',
  arr: [
    10,
    '10',
    Symbol(20%),
    [],
    [Function: Array],
    [Function: Object],
    [Function: Promise]
  ],
  _Promise: Promise {
    [
      10,
      '10',
      Symbol(20%),
      [],
      [Function: Array],
      [Function: Object],
      [Function: Promise]
    ]
  },
  _Object: { _Promise: Promise { [Array] }, BigInt: [Function: BigInt], n: 1n }
}
red[2023-01-20T22:17:18.153] [all] 重要 - {
  _Symbol: Symbol(20%),
  _String: '10',
  arr: [
    10,
    '10',
    Symbol(20%),
    [],
    [Function: Array],
    [Function: Object],
    [Function: Promise]
  ],
  _Promise: Promise {
    [
      10,
      '10',
      Symbol(20%),
      [],
      [Function: Array],
      [Function: Object],
      [Function: Promise]
    ]
  },
  _Object: { _Promise: Promise { [Array] }, BigInt: [Function: BigInt], n: 1n }
}
red[2023-01-20T22:17:19.153] [all] 重要 - {
  _Symbol: Symbol(20%),
  _String: '10',
  arr: [
    10,
    '10',
    Symbol(20%),
    [],
    [Function: Array],
    [Function: Object],
    [Function: Promise]
  ],
  _Promise: Promise {
    [
      10,
      '10',
      Symbol(20%),
      [],
      [Function: Array],
      [Function: Object],
      [Function: Promise]
    ]
  },
  _Object: { _Promise: Promise { [Array] }, BigInt: [Function: BigInt], n: 1n }
}
red[2023-01-20T22:17:20.158] [all] 重要 - {
  _Symbol: Symbol(20%),
  _String: '10',
  arr: [
    10,
    '10',
    Symbol(20%),
    [],
    [Function: Array],
    [Function: Object],
    [Function: Promise]
  ],
  _Promise: Promise {
    [
      10,
      '10',
      Symbol(20%),
      [],
      [Function: Array],
      [Function: Object],
      [Function: Promise]
    ]
  },
  _Object: { _Promise: Promise { [Array] }, BigInt: [Function: BigInt], n: 1n }
}
red[2023-01-20T22:17:21.159] [all] 重要 - {
  _Symbol: Symbol(20%),
  _String: '10',
  arr: [
    10,
    '10',
    Symbol(20%),
    [],
    [Function: Array],
    [Function: Object],
    [Function: Promise]
  ],
  _Promise: Promise {
    [
      10,
      '10',
      Symbol(20%),
      [],
      [Function: Array],
      [Function: Object],
      [Function: Promise]
    ]
  },
  _Object: { _Promise: Promise { [Array] }, BigInt: [Function: BigInt], n: 1n }
}
red[2023-01-20T22:17:22.158] [all] 重要 - {
  _Symbol: Symbol(20%),
  _String: '10',
  arr: [
    10,
    '10',
    Symbol(20%),
    [],
    [Function: Array],
    [Function: Object],
    [Function: Promise]
  ],
  _Promise: Promise {
    [
      10,
      '10',
      Symbol(20%),
      [],
      [Function: Array],
      [Function: Object],
      [Function: Promise]
    ]
  },
  _Object: { _Promise: Promise { [Array] }, BigInt: [Function: BigInt], n: 1n }
}
red[2023-01-20T22:17:23.159] [all] 重要 - {
  _Symbol: Symbol(20%),
  _String: '10',
  arr: [
    10,
    '10',
    Symbol(20%),
    [],
    [Function: Array],
    [Function: Object],
    [Function: Promise]
  ],
  _Promise: Promise {
    [
      10,
      '10',
      Symbol(20%),
      [],
      [Function: Array],
      [Function: Object],
      [Function: Promise]
    ]
  },
  _Object: { _Promise: Promise { [Array] }, BigInt: [Function: BigInt], n: 1n }
}
red[2023-01-20T22:17:24.160] [all] 重要 - {
  _Symbol: Symbol(20%),
  _String: '10',
  arr: [
    10,
    '10',
    Symbol(20%),
    [],
    [Function: Array],
    [Function: Object],
    [Function: Promise]
  ],
  _Promise: Promise {
    [
      10,
      '10',
      Symbol(20%),
      [],
      [Function: Array],
      [Function: Object],
      [Function: Promise]
    ]
  },
  _Object: { _Promise: Promise { [Array] }, BigInt: [Function: BigInt], n: 1n }
}
red[2023-01-20T22:17:25.161] [all] 重要 - {
  _Symbol: Symbol(20%),
  _String: '10',
  arr: [
    10,
    '10',
    Symbol(20%),
    [],
    [Function: Array],
    [Function: Object],
    [Function: Promise]
  ],
  _Promise: Promise {
    [
      10,
      '10',
      Symbol(20%),
      [],
      [Function: Array],
      [Function: Object],
      [Function: Promise]
    ]
  },
  _Object: { _Promise: Promise { [Array] }, BigInt: [Function: BigInt], n: 1n }
}
red[2023-01-20T22:17:26.162] [all] 重要 - {
  _Symbol: Symbol(20%),
  _String: '10',
  arr: [
    10,
    '10',
    Symbol(20%),
    [],
    [Function: Array],
    [Function: Object],
    [Function: Promise]
  ],
  _Promise: Promise {
    [
      10,
      '10',
      Symbol(20%),
      [],
      [Function: Array],
      [Function: Object],
      [Function: Promise]
    ]
  },
  _Object: { _Promise: Promise { [Array] }, BigInt: [Function: BigInt], n: 1n }
}
red[2023-01-20T22:17:27.162] [all] 重要 - {
  _Symbol: Symbol(20%),
  _String: '10',
  arr: [
    10,
    '10',
    Symbol(20%),
    [],
    [Function: Array],
    [Function: Object],
    [Function: Promise]
  ],
  _Promise: Promise {
    [
      10,
      '10',
      Symbol(20%),
      [],
      [Function: Array],
      [Function: Object],
      [Function: Promise]
    ]
  },
  _Object: { _Promise: Promise { [Array] }, BigInt: [Function: BigInt], n: 1n }
}
