red[2023-01-08T17:20:31.054] [all] 重要 - 0.8828035664383103
red[2023-01-08T17:20:35.058] [all] 重要 - 0.7018563330191507
red[2023-01-08T17:20:44.145] [all] 重要 - 0.8301542147889882
red[2023-01-08T17:20:48.147] [all] 重要 - 0.4366408514379023
red[2023-01-08T17:20:52.147] [all] 重要 - 0.21777660237266483
red[2023-01-08T17:20:56.151] [all] 重要 - 0.4756932415778059
red[2023-01-08T17:21:00.152] [all] 重要 - 0.7051115010494136
red[2023-01-08T17:21:04.157] [all] 重要 - 0.047307938965095664
red[2023-01-08T17:21:08.158] [all] 重要 - 0.6745339726047495
red[2023-01-08T17:21:12.160] [all] 重要 - 0.13110750966381235
red[2023-01-08T17:21:16.162] [all] 重要 - 0.6694832026788045
red[2023-01-08T17:21:20.165] [all] 重要 - 0.6479931096867393
red[2023-01-08T17:21:24.169] [all] 重要 - 0.037315610352631534
red[2023-01-08T17:21:28.169] [all] 重要 - 0.9883326671195842
red[2023-01-08T17:21:41.105] [all] 重要 - 0.33641568412942124
red[2023-01-08T17:21:45.109] [all] 重要 - 0.10945437671576608
red[2023-01-08T17:21:49.109] [all] 重要 - 0.45161559876456425
red[2023-01-08T17:21:53.114] [all] 重要 - 0.07674568716455266
red[2023-01-08T17:21:57.118] [all] 重要 - 0.6403727251304834
red[2023-01-08T17:22:01.123] [all] 重要 - 0.7675669734416146
red[2023-01-08T17:22:05.129] [all] 重要 - 0.993151974717347
red[2023-01-08T17:22:09.131] [all] 重要 - 0.5214042361964439
red[2023-01-08T17:22:13.131] [all] 重要 - 0.6937745562145377
red[2023-01-08T17:22:17.135] [all] 重要 - 0.1649595642727102
red[2023-01-08T20:52:14.357] [all] 重要 - {
  _Symbol: Symbol(20%),
  _String: '10',
  arr: [
    10,
    '10',
    Symbol(20%),
    [],
    [Function: Array],
    [Function: Object],
    [Function: Promise]
  ],
  _Promise: Promise {
    [
      10,
      '10',
      Symbol(20%),
      [],
      [Function: Array],
      [Function: Object],
      [Function: Promise]
    ]
  },
  _Object: { _Promise: Promise { [Array] }, BigInt: [Function: BigInt], n: 1n }
}
red[2023-01-08T20:52:18.359] [all] 重要 - {
  _Symbol: Symbol(20%),
  _String: '10',
  arr: [
    10,
    '10',
    Symbol(20%),
    [],
    [Function: Array],
    [Function: Object],
    [Function: Promise]
  ],
  _Promise: Promise {
    [
      10,
      '10',
      Symbol(20%),
      [],
      [Function: Array],
      [Function: Object],
      [Function: Promise]
    ]
  },
  _Object: { _Promise: Promise { [Array] }, BigInt: [Function: BigInt], n: 1n }
}
red[2023-01-08T20:52:22.362] [all] 重要 - {
  _Symbol: Symbol(20%),
  _String: '10',
  arr: [
    10,
    '10',
    Symbol(20%),
    [],
    [Function: Array],
    [Function: Object],
    [Function: Promise]
  ],
  _Promise: Promise {
    [
      10,
      '10',
      Symbol(20%),
      [],
      [Function: Array],
      [Function: Object],
      [Function: Promise]
    ]
  },
  _Object: { _Promise: Promise { [Array] }, BigInt: [Function: BigInt], n: 1n }
}
red[2023-01-08T20:52:26.362] [all] 重要 - {
  _Symbol: Symbol(20%),
  _String: '10',
  arr: [
    10,
    '10',
    Symbol(20%),
    [],
    [Function: Array],
    [Function: Object],
    [Function: Promise]
  ],
  _Promise: Promise {
    [
      10,
      '10',
      Symbol(20%),
      [],
      [Function: Array],
      [Function: Object],
      [Function: Promise]
    ]
  },
  _Object: { _Promise: Promise { [Array] }, BigInt: [Function: BigInt], n: 1n }
}
red[2023-01-08T20:52:30.363] [all] 重要 - {
  _Symbol: Symbol(20%),
  _String: '10',
  arr: [
    10,
    '10',
    Symbol(20%),
    [],
    [Function: Array],
    [Function: Object],
    [Function: Promise]
  ],
  _Promise: Promise {
    [
      10,
      '10',
      Symbol(20%),
      [],
      [Function: Array],
      [Function: Object],
      [Function: Promise]
    ]
  },
  _Object: { _Promise: Promise { [Array] }, BigInt: [Function: BigInt], n: 1n }
}
red[2023-01-08T20:52:34.363] [all] 重要 - {
  _Symbol: Symbol(20%),
  _String: '10',
  arr: [
    10,
    '10',
    Symbol(20%),
    [],
    [Function: Array],
    [Function: Object],
    [Function: Promise]
  ],
  _Promise: Promise {
    [
      10,
      '10',
      Symbol(20%),
      [],
      [Function: Array],
      [Function: Object],
      [Function: Promise]
    ]
  },
  _Object: { _Promise: Promise { [Array] }, BigInt: [Function: BigInt], n: 1n }
}
red[2023-01-08T20:52:38.364] [all] 重要 - {
  _Symbol: Symbol(20%),
  _String: '10',
  arr: [
    10,
    '10',
    Symbol(20%),
    [],
    [Function: Array],
    [Function: Object],
    [Function: Promise]
  ],
  _Promise: Promise {
    [
      10,
      '10',
      Symbol(20%),
      [],
      [Function: Array],
      [Function: Object],
      [Function: Promise]
    ]
  },
  _Object: { _Promise: Promise { [Array] }, BigInt: [Function: BigInt], n: 1n }
}
red[2023-01-08T20:52:42.367] [all] 重要 - {
  _Symbol: Symbol(20%),
  _String: '10',
  arr: [
    10,
    '10',
    Symbol(20%),
    [],
    [Function: Array],
    [Function: Object],
    [Function: Promise]
  ],
  _Promise: Promise {
    [
      10,
      '10',
      Symbol(20%),
      [],
      [Function: Array],
      [Function: Object],
      [Function: Promise]
    ]
  },
  _Object: { _Promise: Promise { [Array] }, BigInt: [Function: BigInt], n: 1n }
}
red[2023-01-08T20:52:46.371] [all] 重要 - {
  _Symbol: Symbol(20%),
  _String: '10',
  arr: [
    10,
    '10',
    Symbol(20%),
    [],
    [Function: Array],
    [Function: Object],
    [Function: Promise]
  ],
  _Promise: Promise {
    [
      10,
      '10',
      Symbol(20%),
      [],
      [Function: Array],
      [Function: Object],
      [Function: Promise]
    ]
  },
  _Object: { _Promise: Promise { [Array] }, BigInt: [Function: BigInt], n: 1n }
}
red[2023-01-08T20:52:50.376] [all] 重要 - {
  _Symbol: Symbol(20%),
  _String: '10',
  arr: [
    10,
    '10',
    Symbol(20%),
    [],
    [Function: Array],
    [Function: Object],
    [Function: Promise]
  ],
  _Promise: Promise {
    [
      10,
      '10',
      Symbol(20%),
      [],
      [Function: Array],
      [Function: Object],
      [Function: Promise]
    ]
  },
  _Object: { _Promise: Promise { [Array] }, BigInt: [Function: BigInt], n: 1n }
}
red[2023-01-08T20:52:54.377] [all] 重要 - {
  _Symbol: Symbol(20%),
  _String: '10',
  arr: [
    10,
    '10',
    Symbol(20%),
    [],
    [Function: Array],
    [Function: Object],
    [Function: Promise]
  ],
  _Promise: Promise {
    [
      10,
      '10',
      Symbol(20%),
      [],
      [Function: Array],
      [Function: Object],
      [Function: Promise]
    ]
  },
  _Object: { _Promise: Promise { [Array] }, BigInt: [Function: BigInt], n: 1n }
}
red[2023-01-08T20:52:58.383] [all] 重要 - {
  _Symbol: Symbol(20%),
  _String: '10',
  arr: [
    10,
    '10',
    Symbol(20%),
    [],
    [Function: Array],
    [Function: Object],
    [Function: Promise]
  ],
  _Promise: Promise {
    [
      10,
      '10',
      Symbol(20%),
      [],
      [Function: Array],
      [Function: Object],
      [Function: Promise]
    ]
  },
  _Object: { _Promise: Promise { [Array] }, BigInt: [Function: BigInt], n: 1n }
}
red[2023-01-08T20:53:02.387] [all] 重要 - {
  _Symbol: Symbol(20%),
  _String: '10',
  arr: [
    10,
    '10',
    Symbol(20%),
    [],
    [Function: Array],
    [Function: Object],
    [Function: Promise]
  ],
  _Promise: Promise {
    [
      10,
      '10',
      Symbol(20%),
      [],
      [Function: Array],
      [Function: Object],
      [Function: Promise]
    ]
  },
  _Object: { _Promise: Promise { [Array] }, BigInt: [Function: BigInt], n: 1n }
}
red[2023-01-08T20:53:06.392] [all] 重要 - {
  _Symbol: Symbol(20%),
  _String: '10',
  arr: [
    10,
    '10',
    Symbol(20%),
    [],
    [Function: Array],
    [Function: Object],
    [Function: Promise]
  ],
  _Promise: Promise {
    [
      10,
      '10',
      Symbol(20%),
      [],
      [Function: Array],
      [Function: Object],
      [Function: Promise]
    ]
  },
  _Object: { _Promise: Promise { [Array] }, BigInt: [Function: BigInt], n: 1n }
}
red[2023-01-08T20:53:10.396] [all] 重要 - {
  _Symbol: Symbol(20%),
  _String: '10',
  arr: [
    10,
    '10',
    Symbol(20%),
    [],
    [Function: Array],
    [Function: Object],
    [Function: Promise]
  ],
  _Promise: Promise {
    [
      10,
      '10',
      Symbol(20%),
      [],
      [Function: Array],
      [Function: Object],
      [Function: Promise]
    ]
  },
  _Object: { _Promise: Promise { [Array] }, BigInt: [Function: BigInt], n: 1n }
}
red[2023-01-08T20:53:14.397] [all] 重要 - {
  _Symbol: Symbol(20%),
  _String: '10',
  arr: [
    10,
    '10',
    Symbol(20%),
    [],
    [Function: Array],
    [Function: Object],
    [Function: Promise]
  ],
  _Promise: Promise {
    [
      10,
      '10',
      Symbol(20%),
      [],
      [Function: Array],
      [Function: Object],
      [Function: Promise]
    ]
  },
  _Object: { _Promise: Promise { [Array] }, BigInt: [Function: BigInt], n: 1n }
}
red[2023-01-08T20:53:18.403] [all] 重要 - {
  _Symbol: Symbol(20%),
  _String: '10',
  arr: [
    10,
    '10',
    Symbol(20%),
    [],
    [Function: Array],
    [Function: Object],
    [Function: Promise]
  ],
  _Promise: Promise {
    [
      10,
      '10',
      Symbol(20%),
      [],
      [Function: Array],
      [Function: Object],
      [Function: Promise]
    ]
  },
  _Object: { _Promise: Promise { [Array] }, BigInt: [Function: BigInt], n: 1n }
}
red[2023-01-08T20:53:22.403] [all] 重要 - {
  _Symbol: Symbol(20%),
  _String: '10',
  arr: [
    10,
    '10',
    Symbol(20%),
    [],
    [Function: Array],
    [Function: Object],
    [Function: Promise]
  ],
  _Promise: Promise {
    [
      10,
      '10',
      Symbol(20%),
      [],
      [Function: Array],
      [Function: Object],
      [Function: Promise]
    ]
  },
  _Object: { _Promise: Promise { [Array] }, BigInt: [Function: BigInt], n: 1n }
}
red[2023-01-08T20:53:26.404] [all] 重要 - {
  _Symbol: Symbol(20%),
  _String: '10',
  arr: [
    10,
    '10',
    Symbol(20%),
    [],
    [Function: Array],
    [Function: Object],
    [Function: Promise]
  ],
  _Promise: Promise {
    [
      10,
      '10',
      Symbol(20%),
      [],
      [Function: Array],
      [Function: Object],
      [Function: Promise]
    ]
  },
  _Object: { _Promise: Promise { [Array] }, BigInt: [Function: BigInt], n: 1n }
}
